<?xml version="1.0" encoding="UTF-8"?>
<!-- Generated by org.testng.reporters.JUnitXMLReporter -->
<testsuite ignored="0" hostname="MSI" failures="0" tests="7" name="Accounts Page Test" time="60.278" errors="0" timestamp="2026-06-02T21:40:16 IST">
  <testcase classname="com.qa.opencart.tests.AccountpageTest" name="accountPageHeaderTest" time="0.384"/>
  <testcase classname="com.qa.opencart.tests.AccountpageTest" name="accountPageTitleTest" time="0.124"/>
  <testcase classname="com.qa.opencart.tests.AccountpageTest" name="doSearchTest" time="1.432"/>
  <testcase classname="com.qa.opencart.tests.AccountpageTest" name="doSearchTest" time="1.194"/>
  <testcase classname="com.qa.opencart.tests.AccountpageTest" name="doSearchTest" time="0.87"/>
  <testcase classname="com.qa.opencart.tests.AccountpageTest" name="searchTest" time="2.199"/>
  <testcase classname="com.qa.opencart.tests.AccountpageTest" name="searchTest" time="1.898"/>
</testsuite> <!-- Accounts Page Test -->
