<?xml version="1.0" encoding="UTF-8"?>
<!-- Generated by org.testng.reporters.JUnitXMLReporter -->
<testsuite ignored="0" hostname="MSI" failures="0" tests="4" name="Login Page Test" time="52.766" errors="0" timestamp="2026-06-02T21:40:08 IST">
  <testcase classname="com.qa.opencart.tests.LoginPageTest" name="forgetPwdLinkTest" time="0.816"/>
  <testcase classname="com.qa.opencart.tests.LoginPageTest" name="loginPageUrlTest" time="0.145"/>
  <testcase classname="com.qa.opencart.tests.LoginPageTest" name="loginPagetitleTest" time="0.137"/>
  <testcase classname="com.qa.opencart.tests.LoginPageTest" name="doLoginTest" time="2.991"/>
</testsuite> <!-- Login Page Test -->
