<?xml version="1.0" encoding="UTF-8"?>
<!-- Generated by org.testng.reporters.JUnitXMLReporter -->
<testsuite ignored="0" hostname="MSI" failures="0" tests="2" name="Product info Page Test" time="57.382" errors="0" timestamp="2026-06-02T21:40:13 IST">
  <testcase classname="com.qa.opencart.tests.productInfoPageTest" name="getProductDataTest" time="3.962"/>
  <testcase classname="com.qa.opencart.tests.productInfoPageTest" name="getProductHeaderTest" time="1.681"/>
</testsuite> <!-- Product info Page Test -->
