<?xml version="1.0" encoding="UTF-8"?>
<!-- Generated by org.testng.reporters.JUnitXMLReporter -->
<testsuite ignored="0" hostname="MSI" failures="0" tests="4" name="Default test" time="7.468" errors="0" timestamp="2026-06-08T23:17:14 IST">
  <testcase classname="com.qa.opencart.tests.LoginPageTest" name="forgetPwdLinkTest" time="0.171"/>
  <testcase classname="com.qa.opencart.tests.LoginPageTest" name="loginPageUrlTest" time="0.043"/>
  <testcase classname="com.qa.opencart.tests.LoginPageTest" name="loginPagetitleTest" time="0.018"/>
  <testcase classname="com.qa.opencart.tests.LoginPageTest" name="doLoginTest" time="1.036"/>
</testsuite> <!-- Default test -->
