<?xml version="1.0" encoding="UTF-8"?>
<!-- Generated by org.testng.reporters.JUnitXMLReporter -->
<testsuite ignored="0" hostname="MSI" failures="0" tests="7" name="Accounts Page Test" time="24.104" errors="0" timestamp="2026-06-01T18:35:13 IST">
  <testcase classname="com.qa.opencart.tests.AccountpageTest" name="accountPageHeaderTest" time="0.115"/>
  <testcase classname="com.qa.opencart.tests.AccountpageTest" name="accountPageTitleTest" time="0.012"/>
  <testcase classname="com.qa.opencart.tests.AccountpageTest" name="doSearchTest" time="0.684"/>
  <testcase classname="com.qa.opencart.tests.AccountpageTest" name="doSearchTest" time="0.546"/>
  <testcase classname="com.qa.opencart.tests.AccountpageTest" name="doSearchTest" time="0.648"/>
  <testcase classname="com.qa.opencart.tests.AccountpageTest" name="searchTest" time="1.417"/>
  <testcase classname="com.qa.opencart.tests.AccountpageTest" name="searchTest" time="1.093"/>
</testsuite> <!-- Accounts Page Test -->
