<?xml version="1.0" encoding="UTF-8"?>
<!-- Generated by org.testng.reporters.JUnitXMLReporter -->
<testsuite ignored="0" hostname="MSI" failures="0" tests="4" name="Login Page Test" time="9.975" errors="0" timestamp="2026-06-01T18:34:59 IST">
  <testcase classname="com.qa.opencart.tests.LoginPageTest" name="forgetPwdLinkTest" time="0.186"/>
  <testcase classname="com.qa.opencart.tests.LoginPageTest" name="loginPageUrlTest" time="0.179"/>
  <testcase classname="com.qa.opencart.tests.LoginPageTest" name="loginPagetitleTest" time="0.094"/>
  <testcase classname="com.qa.opencart.tests.LoginPageTest" name="doLoginTest" time="1.507"/>
</testsuite> <!-- Login Page Test -->
