<?xml version="1.0" encoding="UTF-8"?>
<!-- Generated by org.testng.reporters.JUnitXMLReporter -->
<testsuite ignored="0" hostname="MSI" failures="0" tests="2" name="Product info Page Test" time="13.463" errors="0" timestamp="2026-06-01T18:35:02 IST">
  <testcase classname="com.qa.opencart.tests.productInfoPageTest" name="getProductDataTest" time="2.961"/>
  <testcase classname="com.qa.opencart.tests.productInfoPageTest" name="getProductHeaderTest" time="1.221"/>
</testsuite> <!-- Product info Page Test -->
