<?xml version="1.0" encoding="UTF-8"?>
<testng-results ignored="0" total="14" passed="14" failed="0" skipped="0">
  <reporter-output>
  </reporter-output>
  <suite started-at="2026-06-01T18:34:49 IST" name="Opencart App Test Regression Suite" finished-at="2026-06-01T18:35:13 IST" duration-ms="24104">
    <groups>
    </groups>
    <test started-at="2026-06-01T18:34:49 IST" name="Login Page Test" finished-at="2026-06-01T18:34:59 IST" duration-ms="9975">
      <class name="com.qa.opencart.tests.LoginPageTest">
        <test-method is-config="true" signature="setup(java.lang.String)[pri:0, instance:com.qa.opencart.tests.LoginPageTest@32ee6fee]" started-at="2026-06-01T18:34:49 IST" name="setup" finished-at="2026-06-01T18:34:56 IST" duration-ms="7168" status="PASS">
          <params>
            <param index="0">
              <value>
                <![CDATA[chrome]]>
              </value>
            </param>
          </params>
          <reporter-output>
          </reporter-output>
        </test-method> <!-- setup -->
        <test-method signature="forgetPwdLinkTest()[pri:0, instance:com.qa.opencart.tests.LoginPageTest@32ee6fee]" started-at="2026-06-01T18:34:56 IST" name="forgetPwdLinkTest" finished-at="2026-06-01T18:34:56 IST" duration-ms="186" status="PASS">
          <reporter-output>
          </reporter-output>
        </test-method> <!-- forgetPwdLinkTest -->
        <test-method signature="loginPageUrlTest()[pri:0, instance:com.qa.opencart.tests.LoginPageTest@32ee6fee]" started-at="2026-06-01T18:34:56 IST" name="loginPageUrlTest" finished-at="2026-06-01T18:34:57 IST" duration-ms="179" status="PASS">
          <reporter-output>
          </reporter-output>
        </test-method> <!-- loginPageUrlTest -->
        <test-method signature="loginPagetitleTest()[pri:0, instance:com.qa.opencart.tests.LoginPageTest@32ee6fee]" started-at="2026-06-01T18:34:57 IST" name="loginPagetitleTest" finished-at="2026-06-01T18:34:57 IST" duration-ms="94" status="PASS">
          <reporter-output>
          </reporter-output>
        </test-method> <!-- loginPagetitleTest -->
        <test-method signature="doLoginTest()[pri:2147483647, instance:com.qa.opencart.tests.LoginPageTest@32ee6fee]" started-at="2026-06-01T18:34:57 IST" name="doLoginTest" finished-at="2026-06-01T18:34:58 IST" duration-ms="1507" status="PASS">
          <reporter-output>
          </reporter-output>
        </test-method> <!-- doLoginTest -->
        <test-method is-config="true" signature="teardown()[pri:0, instance:com.qa.opencart.tests.LoginPageTest@32ee6fee]" started-at="2026-06-01T18:34:58 IST" name="teardown" finished-at="2026-06-01T18:34:59 IST" duration-ms="675" status="PASS">
          <reporter-output>
          </reporter-output>
        </test-method> <!-- teardown -->
      </class> <!-- com.qa.opencart.tests.LoginPageTest -->
    </test> <!-- Login Page Test -->
    <test started-at="2026-06-01T18:34:49 IST" name="Register Page Test" finished-at="2026-06-01T18:35:00 IST" duration-ms="11203">
      <class name="com.qa.opencart.tests.RegisterPageTest">
        <test-method is-config="true" signature="setup(java.lang.String)[pri:0, instance:com.qa.opencart.tests.RegisterPageTest@d9345cd]" started-at="2026-06-01T18:34:49 IST" name="setup" finished-at="2026-06-01T18:34:56 IST" duration-ms="7190" status="PASS">
          <params>
            <param index="0">
              <value>
                <![CDATA[chrome]]>
              </value>
            </param>
          </params>
          <reporter-output>
          </reporter-output>
        </test-method> <!-- setup -->
        <test-method is-config="true" signature="regSetup()[pri:0, instance:com.qa.opencart.tests.RegisterPageTest@d9345cd]" started-at="2026-06-01T18:34:56 IST" name="regSetup" finished-at="2026-06-01T18:34:58 IST" duration-ms="1470" status="PASS">
          <reporter-output>
          </reporter-output>
        </test-method> <!-- regSetup -->
        <test-method signature="userRegisterTest()[pri:0, instance:com.qa.opencart.tests.RegisterPageTest@d9345cd]" started-at="2026-06-01T18:34:58 IST" name="userRegisterTest" finished-at="2026-06-01T18:35:00 IST" duration-ms="2076" status="PASS">
          <reporter-output>
          </reporter-output>
        </test-method> <!-- userRegisterTest -->
        <test-method is-config="true" signature="teardown()[pri:0, instance:com.qa.opencart.tests.RegisterPageTest@d9345cd]" started-at="2026-06-01T18:35:00 IST" name="teardown" finished-at="2026-06-01T18:35:00 IST" duration-ms="417" status="PASS">
          <reporter-output>
          </reporter-output>
        </test-method> <!-- teardown -->
      </class> <!-- com.qa.opencart.tests.RegisterPageTest -->
    </test> <!-- Register Page Test -->
    <test started-at="2026-06-01T18:34:49 IST" name="Product info Page Test" finished-at="2026-06-01T18:35:02 IST" duration-ms="13463">
      <class name="com.qa.opencart.tests.productInfoPageTest">
        <test-method is-config="true" signature="setup(java.lang.String)[pri:0, instance:com.qa.opencart.tests.productInfoPageTest@b9b00e0]" started-at="2026-06-01T18:34:49 IST" name="setup" finished-at="2026-06-01T18:34:56 IST" duration-ms="7168" status="PASS">
          <params>
            <param index="0">
              <value>
                <![CDATA[chrome]]>
              </value>
            </param>
          </params>
          <reporter-output>
          </reporter-output>
        </test-method> <!-- setup -->
        <test-method is-config="true" signature="productInfoSetup()[pri:0, instance:com.qa.opencart.tests.productInfoPageTest@b9b00e0]" started-at="2026-06-01T18:34:56 IST" name="productInfoSetup" finished-at="2026-06-01T18:34:58 IST" duration-ms="1740" status="PASS">
          <reporter-output>
          </reporter-output>
        </test-method> <!-- productInfoSetup -->
        <test-method signature="getProductDataTest()[pri:0, instance:com.qa.opencart.tests.productInfoPageTest@b9b00e0]" started-at="2026-06-01T18:34:58 IST" name="getProductDataTest" finished-at="2026-06-01T18:35:01 IST" duration-ms="2961" status="PASS">
          <reporter-output>
          </reporter-output>
        </test-method> <!-- getProductDataTest -->
        <test-method signature="getProductHeaderTest()[pri:0, instance:com.qa.opencart.tests.productInfoPageTest@b9b00e0]" started-at="2026-06-01T18:35:01 IST" name="getProductHeaderTest" finished-at="2026-06-01T18:35:02 IST" duration-ms="1221" status="PASS">
          <reporter-output>
          </reporter-output>
        </test-method> <!-- getProductHeaderTest -->
        <test-method is-config="true" signature="teardown()[pri:0, instance:com.qa.opencart.tests.productInfoPageTest@b9b00e0]" started-at="2026-06-01T18:35:02 IST" name="teardown" finished-at="2026-06-01T18:35:02 IST" duration-ms="298" status="PASS">
          <reporter-output>
          </reporter-output>
        </test-method> <!-- teardown -->
      </class> <!-- com.qa.opencart.tests.productInfoPageTest -->
    </test> <!-- Product info Page Test -->
    <test started-at="2026-06-01T18:34:49 IST" name="Accounts Page Test" finished-at="2026-06-01T18:35:13 IST" duration-ms="24104">
      <class name="com.qa.opencart.tests.AccountpageTest">
        <test-method is-config="true" signature="setup(java.lang.String)[pri:0, instance:com.qa.opencart.tests.AccountpageTest@1151e434]" started-at="2026-06-01T18:34:49 IST" name="setup" finished-at="2026-06-01T18:35:07 IST" duration-ms="17559" status="PASS">
          <params>
            <param index="0">
              <value>
                <![CDATA[firefox]]>
              </value>
            </param>
          </params>
          <reporter-output>
          </reporter-output>
        </test-method> <!-- setup -->
        <test-method is-config="true" signature="accSetup()[pri:0, instance:com.qa.opencart.tests.AccountpageTest@1151e434]" started-at="2026-06-01T18:35:07 IST" name="accSetup" finished-at="2026-06-01T18:35:07 IST" duration-ms="814" status="PASS">
          <reporter-output>
          </reporter-output>
        </test-method> <!-- accSetup -->
        <test-method signature="accountPageHeaderTest()[pri:0, instance:com.qa.opencart.tests.AccountpageTest@1151e434]" started-at="2026-06-01T18:35:07 IST" name="accountPageHeaderTest" finished-at="2026-06-01T18:35:07 IST" duration-ms="115" status="PASS">
          <reporter-output>
          </reporter-output>
        </test-method> <!-- accountPageHeaderTest -->
        <test-method signature="accountPageTitleTest()[pri:0, instance:com.qa.opencart.tests.AccountpageTest@1151e434]" started-at="2026-06-01T18:35:07 IST" name="accountPageTitleTest" finished-at="2026-06-01T18:35:07 IST" duration-ms="12" status="PASS">
          <reporter-output>
          </reporter-output>
        </test-method> <!-- accountPageTitleTest -->
        <test-method signature="doSearchTest(java.lang.String,int)[pri:0, instance:com.qa.opencart.tests.AccountpageTest@1151e434]" started-at="2026-06-01T18:35:07 IST" name="doSearchTest" data-provider="searchKey" finished-at="2026-06-01T18:35:08 IST" duration-ms="684" status="PASS">
          <params>
            <param index="0">
              <value>
                <![CDATA[macbook]]>
              </value>
            </param>
            <param index="1">
              <value>
                <![CDATA[3]]>
              </value>
            </param>
          </params>
          <reporter-output>
          </reporter-output>
        </test-method> <!-- doSearchTest -->
        <test-method signature="doSearchTest(java.lang.String,int)[pri:0, instance:com.qa.opencart.tests.AccountpageTest@1151e434]" started-at="2026-06-01T18:35:08 IST" name="doSearchTest" data-provider="searchKey" finished-at="2026-06-01T18:35:09 IST" duration-ms="546" status="PASS">
          <params>
            <param index="0">
              <value>
                <![CDATA[imac]]>
              </value>
            </param>
            <param index="1">
              <value>
                <![CDATA[1]]>
              </value>
            </param>
          </params>
          <reporter-output>
          </reporter-output>
        </test-method> <!-- doSearchTest -->
        <test-method signature="doSearchTest(java.lang.String,int)[pri:0, instance:com.qa.opencart.tests.AccountpageTest@1151e434]" started-at="2026-06-01T18:35:09 IST" name="doSearchTest" data-provider="searchKey" finished-at="2026-06-01T18:35:09 IST" duration-ms="648" status="PASS">
          <params>
            <param index="0">
              <value>
                <![CDATA[samsung]]>
              </value>
            </param>
            <param index="1">
              <value>
                <![CDATA[2]]>
              </value>
            </param>
          </params>
          <reporter-output>
          </reporter-output>
        </test-method> <!-- doSearchTest -->
        <test-method signature="searchTest(java.lang.String,java.lang.String)[pri:0, instance:com.qa.opencart.tests.AccountpageTest@1151e434]" started-at="2026-06-01T18:35:09 IST" name="searchTest" data-provider="getSearchData" finished-at="2026-06-01T18:35:11 IST" duration-ms="1417" status="PASS">
          <params>
            <param index="0">
              <value>
                <![CDATA[macbook]]>
              </value>
            </param>
            <param index="1">
              <value>
                <![CDATA[MacBook Pro]]>
              </value>
            </param>
          </params>
          <reporter-output>
          </reporter-output>
        </test-method> <!-- searchTest -->
        <test-method signature="searchTest(java.lang.String,java.lang.String)[pri:0, instance:com.qa.opencart.tests.AccountpageTest@1151e434]" started-at="2026-06-01T18:35:11 IST" name="searchTest" data-provider="getSearchData" finished-at="2026-06-01T18:35:12 IST" duration-ms="1093" status="PASS">
          <params>
            <param index="0">
              <value>
                <![CDATA[imac]]>
              </value>
            </param>
            <param index="1">
              <value>
                <![CDATA[iMac]]>
              </value>
            </param>
          </params>
          <reporter-output>
          </reporter-output>
        </test-method> <!-- searchTest -->
        <test-method is-config="true" signature="teardown()[pri:0, instance:com.qa.opencart.tests.AccountpageTest@1151e434]" started-at="2026-06-01T18:35:12 IST" name="teardown" finished-at="2026-06-01T18:35:13 IST" duration-ms="1169" status="PASS">
          <reporter-output>
          </reporter-output>
        </test-method> <!-- teardown -->
      </class> <!-- com.qa.opencart.tests.AccountpageTest -->
    </test> <!-- Accounts Page Test -->
  </suite> <!-- Opencart App Test Regression Suite -->
</testng-results>
