<?xml version="1.0" encoding="UTF-8"?>
<testsuite xmlns:xsi="http://www.w3.org/2001/XMLSchema-instance" xsi:noNamespaceSchemaLocation="https://maven.apache.org/surefire/maven-surefire-plugin/xsd/surefire-test-report.xsd" name="TestSuite" time="24.859" tests="14" errors="0" skipped="0" failures="0">
  <properties>
[...]
</properties>
  <testcase name="forgetPwdLinkTest" classname="com.qa.opencart.tests.LoginPageTest" time="0.197"/>
  <testcase name="loginPageUrlTest" classname="com.qa.opencart.tests.LoginPageTest" time="0.186"/>
  <testcase name="loginPagetitleTest" classname="com.qa.opencart.tests.LoginPageTest" time="0.078"/>
  <testcase name="doLoginTest" classname="com.qa.opencart.tests.LoginPageTest" time="0.318"/>
  <testcase name="userRegisterTest" classname="com.qa.opencart.tests.RegisterPageTest" time="1.806"/>
  <testcase name="getProductDataTest" classname="com.qa.opencart.tests.productInfoPageTest" time="2.963"/>
  <testcase name="getProductHeaderTest" classname="com.qa.opencart.tests.productInfoPageTest" time="1.221"/>
  <testcase name="accountPageHeaderTest" classname="com.qa.opencart.tests.AccountpageTest" time="0.115"/>
  <testcase name="accountPageTitleTest" classname="com.qa.opencart.tests.AccountpageTest" time="0.013"/>
  <testcase name="doSearchTest" classname="com.qa.opencart.tests.AccountpageTest" time="0.685"/>
  <testcase name="doSearchTest" classname="com.qa.opencart.tests.AccountpageTest" time="0.546"/>
  <testcase name="doSearchTest" classname="com.qa.opencart.tests.AccountpageTest" time="0.648"/>
  <testcase name="searchTest" classname="com.qa.opencart.tests.AccountpageTest" time="1.417"/>
  <testcase name="searchTest" classname="com.qa.opencart.tests.AccountpageTest" time="1.094"/>
</testsuite>