<?xml version="1.0" encoding="UTF-8"?>
<!-- Generated by org.testng.reporters.JUnitReportReporter -->
<testsuite hostname="MSI" failures="0" tests="7" name="com.qa.opencart.tests.AccountpageTest" time="8.101" errors="0" timestamp="2026-06-02T21:40:16 IST" skipped="0">
  <testcase classname="com.qa.opencart.tests.AccountpageTest" name="accountPageTitleTest" time="0.124"/>
  <system-out/>
  <testcase classname="com.qa.opencart.tests.AccountpageTest" name="accountPageHeaderTest" time="0.384"/>
  <system-out/>
  <testcase classname="com.qa.opencart.tests.AccountpageTest" name="doSearchTest" time="1.432"/>
  <system-out/>
  <testcase classname="com.qa.opencart.tests.AccountpageTest" name="doSearchTest" time="1.194"/>
  <system-out/>
  <testcase classname="com.qa.opencart.tests.AccountpageTest" name="searchTest" time="1.898"/>
  <system-out/>
  <testcase classname="com.qa.opencart.tests.AccountpageTest" name="searchTest" time="2.199"/>
  <system-out/>
  <testcase classname="com.qa.opencart.tests.AccountpageTest" name="doSearchTest" time="0.870"/>
  <system-out/>
</testsuite> <!-- com.qa.opencart.tests.AccountpageTest -->
