<?xml version="1.0" encoding="UTF-8"?>
<!-- Generated by org.testng.reporters.JUnitReportReporter -->
<testsuite hostname="MSI" failures="0" tests="2" name="com.qa.opencart.tests.productInfoPageTest" time="4.182" errors="0" timestamp="2026-06-01T18:35:13 IST" skipped="0">
  <testcase classname="com.qa.opencart.tests.productInfoPageTest" name="getProductDataTest" time="2.961"/>
  <system-out/>
  <testcase classname="com.qa.opencart.tests.productInfoPageTest" name="getProductHeaderTest" time="1.221"/>
  <system-out/>
</testsuite> <!-- com.qa.opencart.tests.productInfoPageTest -->
