<?xml version="1.0" encoding="UTF-8"?>
<!-- Generated by org.testng.reporters.JUnitReportReporter -->
<testsuite hostname="MSI" failures="0" tests="7" name="com.qa.opencart.tests.AccountpageTest" time="4.515" errors="0" timestamp="2026-06-01T18:35:13 IST" skipped="0">
  <testcase classname="com.qa.opencart.tests.AccountpageTest" name="accountPageHeaderTest" time="0.115"/>
  <system-out/>
  <testcase classname="com.qa.opencart.tests.AccountpageTest" name="doSearchTest" time="0.684"/>
  <system-out/>
  <testcase classname="com.qa.opencart.tests.AccountpageTest" name="doSearchTest" time="0.648"/>
  <system-out/>
  <testcase classname="com.qa.opencart.tests.AccountpageTest" name="accountPageTitleTest" time="0.012"/>
  <system-out/>
  <testcase classname="com.qa.opencart.tests.AccountpageTest" name="doSearchTest" time="0.546"/>
  <system-out/>
  <testcase classname="com.qa.opencart.tests.AccountpageTest" name="searchTest" time="1.417"/>
  <system-out/>
  <testcase classname="com.qa.opencart.tests.AccountpageTest" name="searchTest" time="1.093"/>
  <system-out/>
</testsuite> <!-- com.qa.opencart.tests.AccountpageTest -->
