<?xml version="1.0" encoding="UTF-8"?>
<!-- Generated by org.testng.reporters.JUnitReportReporter -->
<testsuite hostname="MSI" failures="0" tests="4" name="com.qa.opencart.tests.LoginPageTest" time="1.966" errors="0" timestamp="2026-06-01T18:35:13 IST" skipped="0">
  <testcase classname="com.qa.opencart.tests.LoginPageTest" name="forgetPwdLinkTest" time="0.186"/>
  <system-out/>
  <testcase classname="com.qa.opencart.tests.LoginPageTest" name="loginPageUrlTest" time="0.179"/>
  <system-out/>
  <testcase classname="com.qa.opencart.tests.LoginPageTest" name="loginPagetitleTest" time="0.094"/>
  <system-out/>
  <testcase classname="com.qa.opencart.tests.LoginPageTest" name="doLoginTest" time="1.507"/>
  <system-out/>
</testsuite> <!-- com.qa.opencart.tests.LoginPageTest -->
